{
  "stats": {
    "suites": 6,
    "tests": 12,
    "passes": 12,
    "pending": 0,
    "failures": 0,
    "start": "2023-08-30T21:53:20.821Z",
    "end": "2023-08-30T21:53:54.526Z",
    "duration": 33705,
    "testsRegistered": 12,
    "passPercent": 100,
    "pendingPercent": 0,
    "other": 0,
    "hasOther": false,
    "skipped": 0,
    "hasSkipped": false
  },
  "results": [
    {
      "uuid": "d65d42a9-5c25-46da-8a3b-2d09c72dff8b",
      "title": "",
      "fullFile": "",
      "file": "",
      "beforeHooks": [],
      "afterHooks": [],
      "tests": [],
      "suites": [
        {
          "uuid": "b1ba083e-2bab-44e8-a691-9cefb6ac639d",
          "title": "Modulo 1, archivo 1,prueba1",
          "fullFile": "C:\\Users\\Juan Vargas\\Desktop\\PlantillaSelenium\\test\\modules\\module1\\testFile1.js",
          "file": "\\test\\modules\\module1\\testFile1.js",
          "beforeHooks": [
            {
              "title": "\"before all\" hook in \"Modulo 1, archivo 1,prueba1\"",
              "fullTitle": "Modulo 1, archivo 1,prueba1 \"before all\" hook in \"Modulo 1, archivo 1,prueba1\"",
              "timedOut": false,
              "duration": 3933,
              "state": null,
              "speed": null,
              "pass": false,
              "fail": false,
              "pending": false,
              "context": null,
              "code": "driver = createDriver();\nawait driver.get(baseUrl);",
              "err": {},
              "uuid": "19dca923-6569-498e-a922-73e02bf2e01a",
              "parentUUID": "b1ba083e-2bab-44e8-a691-9cefb6ac639d",
              "isHook": true,
              "skipped": false
            }
          ],
          "afterHooks": [
            {
              "title": "\"after all\" hook in \"Modulo 1, archivo 1,prueba1\"",
              "fullTitle": "Modulo 1, archivo 1,prueba1 \"after all\" hook in \"Modulo 1, archivo 1,prueba1\"",
              "timedOut": false,
              "duration": 82,
              "state": null,
              "speed": null,
              "pass": false,
              "fail": false,
              "pending": false,
              "context": null,
              "code": "await closeDriver(driver);",
              "err": {},
              "uuid": "5105076f-c4bd-4e3d-b3db-ae7ad656352e",
              "parentUUID": "b1ba083e-2bab-44e8-a691-9cefb6ac639d",
              "isHook": true,
              "skipped": false
            }
          ],
          "tests": [
            {
              "title": "Verificar título de Google",
              "fullTitle": "Modulo 1, archivo 1,prueba1 Verificar título de Google",
              "timedOut": false,
              "duration": 7,
              "state": "passed",
              "speed": "fast",
              "pass": true,
              "fail": false,
              "pending": false,
              "context": null,
              "code": "const title = await driver.getTitle();\nassert.strictEqual(title, 'Google'); // Verificar que el título es 'Google'",
              "err": {},
              "uuid": "93058293-983b-44c3-b278-2c3cdcbfc686",
              "parentUUID": "b1ba083e-2bab-44e8-a691-9cefb6ac639d",
              "isHook": false,
              "skipped": false
            },
            {
              "title": "Insertar texto en el campo de búsqueda de Google",
              "fullTitle": "Modulo 1, archivo 1,prueba1 Insertar texto en el campo de búsqueda de Google",
              "timedOut": false,
              "duration": 2168,
              "state": "passed",
              "speed": "slow",
              "pass": true,
              "fail": false,
              "pending": false,
              "context": null,
              "code": "const input = await driver.findElement(By.name('q')); // Encuentra el elemento de entrada por su atributo name\nawait input.sendKeys('Ejemplo de búsqueda', Key.RETURN); // Inserta texto y presiona Enter\nawait driver.wait(until.titleIs('Ejemplo de búsqueda - Buscar con Google'), 5000);",
              "err": {},
              "uuid": "3446e8ef-ac49-47bc-a8f5-6b0701134479",
              "parentUUID": "b1ba083e-2bab-44e8-a691-9cefb6ac639d",
              "isHook": false,
              "skipped": false
            }
          ],
          "suites": [],
          "passes": [
            "93058293-983b-44c3-b278-2c3cdcbfc686",
            "3446e8ef-ac49-47bc-a8f5-6b0701134479"
          ],
          "failures": [],
          "pending": [],
          "skipped": [],
          "duration": 2175,
          "root": false,
          "rootEmpty": false,
          "_timeout": 5000
        },
        {
          "uuid": "bf83cb79-ea8d-4203-8fb6-5c1fc30d525f",
          "title": "Modulo 1, archivo 1,prueba2",
          "fullFile": "C:\\Users\\Juan Vargas\\Desktop\\PlantillaSelenium\\test\\modules\\module1\\testFile1.js",
          "file": "\\test\\modules\\module1\\testFile1.js",
          "beforeHooks": [
            {
              "title": "\"before all\" hook in \"Modulo 1, archivo 1,prueba2\"",
              "fullTitle": "Modulo 1, archivo 1,prueba2 \"before all\" hook in \"Modulo 1, archivo 1,prueba2\"",
              "timedOut": false,
              "duration": 3498,
              "state": null,
              "speed": null,
              "pass": false,
              "fail": false,
              "pending": false,
              "context": null,
              "code": "driver = createDriver();\nawait driver.get(baseUrl);",
              "err": {},
              "uuid": "d884413b-5a1b-48ab-ae63-f6c1b45e2ef6",
              "parentUUID": "bf83cb79-ea8d-4203-8fb6-5c1fc30d525f",
              "isHook": true,
              "skipped": false
            }
          ],
          "afterHooks": [
            {
              "title": "\"after all\" hook in \"Modulo 1, archivo 1,prueba2\"",
              "fullTitle": "Modulo 1, archivo 1,prueba2 \"after all\" hook in \"Modulo 1, archivo 1,prueba2\"",
              "timedOut": false,
              "duration": 73,
              "state": null,
              "speed": null,
              "pass": false,
              "fail": false,
              "pending": false,
              "context": null,
              "code": "await closeDriver(driver);",
              "err": {},
              "uuid": "4dcd14ec-3073-4ccc-9fe7-55c5d192cca2",
              "parentUUID": "bf83cb79-ea8d-4203-8fb6-5c1fc30d525f",
              "isHook": true,
              "skipped": false
            }
          ],
          "tests": [
            {
              "title": "Verificar título de Google",
              "fullTitle": "Modulo 1, archivo 1,prueba2 Verificar título de Google",
              "timedOut": false,
              "duration": 8,
              "state": "passed",
              "speed": "fast",
              "pass": true,
              "fail": false,
              "pending": false,
              "context": null,
              "code": "const title = await driver.getTitle();\nassert.strictEqual(title, 'Google'); // Verificar que el título es 'Google'",
              "err": {},
              "uuid": "bab1db65-54b0-4b81-9fda-0776a78a21d2",
              "parentUUID": "bf83cb79-ea8d-4203-8fb6-5c1fc30d525f",
              "isHook": false,
              "skipped": false
            },
            {
              "title": "Insertar texto en el campo de búsqueda de Google",
              "fullTitle": "Modulo 1, archivo 1,prueba2 Insertar texto en el campo de búsqueda de Google",
              "timedOut": false,
              "duration": 1955,
              "state": "passed",
              "speed": "slow",
              "pass": true,
              "fail": false,
              "pending": false,
              "context": null,
              "code": "const input = await driver.findElement(By.name('q')); // Encuentra el elemento de entrada por su atributo name\nawait input.sendKeys('Ejemplo de búsqueda', Key.RETURN); // Inserta texto y presiona Enter\nawait driver.wait(until.titleIs('Ejemplo de búsqueda - Buscar con Google'), 5000);",
              "err": {},
              "uuid": "4f2d8d36-b05d-4d6a-96b6-2ea270784dd7",
              "parentUUID": "bf83cb79-ea8d-4203-8fb6-5c1fc30d525f",
              "isHook": false,
              "skipped": false
            }
          ],
          "suites": [],
          "passes": [
            "bab1db65-54b0-4b81-9fda-0776a78a21d2",
            "4f2d8d36-b05d-4d6a-96b6-2ea270784dd7"
          ],
          "failures": [],
          "pending": [],
          "skipped": [],
          "duration": 1963,
          "root": false,
          "rootEmpty": false,
          "_timeout": 5000
        },
        {
          "uuid": "8dff612b-7ffc-4633-b07d-725f2c43625a",
          "title": "Modulo 1, archivo 2,prueba1",
          "fullFile": "C:\\Users\\Juan Vargas\\Desktop\\PlantillaSelenium\\test\\modules\\module1\\testFile2.js",
          "file": "\\test\\modules\\module1\\testFile2.js",
          "beforeHooks": [
            {
              "title": "\"before all\" hook in \"Modulo 1, archivo 2,prueba1\"",
              "fullTitle": "Modulo 1, archivo 2,prueba1 \"before all\" hook in \"Modulo 1, archivo 2,prueba1\"",
              "timedOut": false,
              "duration": 3389,
              "state": null,
              "speed": null,
              "pass": false,
              "fail": false,
              "pending": false,
              "context": null,
              "code": "driver = createDriver();\nawait driver.get('https://www.google.com');",
              "err": {},
              "uuid": "9e7c7835-6891-4d35-8d21-98f62e6a876d",
              "parentUUID": "8dff612b-7ffc-4633-b07d-725f2c43625a",
              "isHook": true,
              "skipped": false
            }
          ],
          "afterHooks": [
            {
              "title": "\"after all\" hook in \"Modulo 1, archivo 2,prueba1\"",
              "fullTitle": "Modulo 1, archivo 2,prueba1 \"after all\" hook in \"Modulo 1, archivo 2,prueba1\"",
              "timedOut": false,
              "duration": 92,
              "state": null,
              "speed": null,
              "pass": false,
              "fail": false,
              "pending": false,
              "context": null,
              "code": "await closeDriver(driver);",
              "err": {},
              "uuid": "5de982f1-88a8-4271-8098-fc11e184fff6",
              "parentUUID": "8dff612b-7ffc-4633-b07d-725f2c43625a",
              "isHook": true,
              "skipped": false
            }
          ],
          "tests": [
            {
              "title": "Verificar título de Google",
              "fullTitle": "Modulo 1, archivo 2,prueba1 Verificar título de Google",
              "timedOut": false,
              "duration": 8,
              "state": "passed",
              "speed": "fast",
              "pass": true,
              "fail": false,
              "pending": false,
              "context": null,
              "code": "const title = await driver.getTitle();\nassert.strictEqual(title, 'Google'); // Verificar que el título es 'Google'",
              "err": {},
              "uuid": "d5b8f66e-5b1f-4b84-bc17-8fb51b0fa315",
              "parentUUID": "8dff612b-7ffc-4633-b07d-725f2c43625a",
              "isHook": false,
              "skipped": false
            },
            {
              "title": "Insertar texto en el campo de búsqueda de Google",
              "fullTitle": "Modulo 1, archivo 2,prueba1 Insertar texto en el campo de búsqueda de Google",
              "timedOut": false,
              "duration": 2009,
              "state": "passed",
              "speed": "slow",
              "pass": true,
              "fail": false,
              "pending": false,
              "context": null,
              "code": "const input = await driver.findElement(By.name('q')); // Encuentra el elemento de entrada por su atributo name\nawait input.sendKeys('Ejemplo de búsqueda', Key.RETURN); // Inserta texto y presiona Enter\nawait driver.wait(until.titleIs('Ejemplo de búsqueda - Buscar con Google'), 5000);",
              "err": {},
              "uuid": "170ae2cd-b6cd-44d5-ad92-06332d00ba40",
              "parentUUID": "8dff612b-7ffc-4633-b07d-725f2c43625a",
              "isHook": false,
              "skipped": false
            }
          ],
          "suites": [],
          "passes": [
            "d5b8f66e-5b1f-4b84-bc17-8fb51b0fa315",
            "170ae2cd-b6cd-44d5-ad92-06332d00ba40"
          ],
          "failures": [],
          "pending": [],
          "skipped": [],
          "duration": 2017,
          "root": false,
          "rootEmpty": false,
          "_timeout": 5000
        },
        {
          "uuid": "3a2c19ce-a6a3-46b8-86c6-a2c17170eb16",
          "title": "Modulo 1, archivo 2,prueba2",
          "fullFile": "C:\\Users\\Juan Vargas\\Desktop\\PlantillaSelenium\\test\\modules\\module1\\testFile2.js",
          "file": "\\test\\modules\\module1\\testFile2.js",
          "beforeHooks": [
            {
              "title": "\"before all\" hook in \"Modulo 1, archivo 2,prueba2\"",
              "fullTitle": "Modulo 1, archivo 2,prueba2 \"before all\" hook in \"Modulo 1, archivo 2,prueba2\"",
              "timedOut": false,
              "duration": 3497,
              "state": null,
              "speed": null,
              "pass": false,
              "fail": false,
              "pending": false,
              "context": null,
              "code": "driver = createDriver();\nawait driver.get('https://www.google.com');",
              "err": {},
              "uuid": "49d55679-652d-44a2-a735-aa0629474930",
              "parentUUID": "3a2c19ce-a6a3-46b8-86c6-a2c17170eb16",
              "isHook": true,
              "skipped": false
            }
          ],
          "afterHooks": [
            {
              "title": "\"after all\" hook in \"Modulo 1, archivo 2,prueba2\"",
              "fullTitle": "Modulo 1, archivo 2,prueba2 \"after all\" hook in \"Modulo 1, archivo 2,prueba2\"",
              "timedOut": false,
              "duration": 119,
              "state": null,
              "speed": null,
              "pass": false,
              "fail": false,
              "pending": false,
              "context": null,
              "code": "await closeDriver(driver);",
              "err": {},
              "uuid": "46d94bfa-5983-4907-9163-0c25342e46cb",
              "parentUUID": "3a2c19ce-a6a3-46b8-86c6-a2c17170eb16",
              "isHook": true,
              "skipped": false
            }
          ],
          "tests": [
            {
              "title": "Verificar título de Google",
              "fullTitle": "Modulo 1, archivo 2,prueba2 Verificar título de Google",
              "timedOut": false,
              "duration": 6,
              "state": "passed",
              "speed": "fast",
              "pass": true,
              "fail": false,
              "pending": false,
              "context": null,
              "code": "const title = await driver.getTitle();\nassert.strictEqual(title, 'Google'); // Verificar que el título es 'Google'",
              "err": {},
              "uuid": "2194c65b-7232-4ad5-916a-436ee6f5bbb2",
              "parentUUID": "3a2c19ce-a6a3-46b8-86c6-a2c17170eb16",
              "isHook": false,
              "skipped": false
            },
            {
              "title": "Insertar texto en el campo de búsqueda de Google",
              "fullTitle": "Modulo 1, archivo 2,prueba2 Insertar texto en el campo de búsqueda de Google",
              "timedOut": false,
              "duration": 1966,
              "state": "passed",
              "speed": "slow",
              "pass": true,
              "fail": false,
              "pending": false,
              "context": null,
              "code": "const input = await driver.findElement(By.name('q')); // Encuentra el elemento de entrada por su atributo name\nawait input.sendKeys('Ejemplo de búsqueda', Key.RETURN); // Inserta texto y presiona Enter\nawait driver.wait(until.titleIs('Ejemplo de búsqueda - Buscar con Google'), 5000);",
              "err": {},
              "uuid": "5b109319-31dc-413e-b195-5e7414c1e05a",
              "parentUUID": "3a2c19ce-a6a3-46b8-86c6-a2c17170eb16",
              "isHook": false,
              "skipped": false
            }
          ],
          "suites": [],
          "passes": [
            "2194c65b-7232-4ad5-916a-436ee6f5bbb2",
            "5b109319-31dc-413e-b195-5e7414c1e05a"
          ],
          "failures": [],
          "pending": [],
          "skipped": [],
          "duration": 1972,
          "root": false,
          "rootEmpty": false,
          "_timeout": 5000
        },
        {
          "uuid": "59307a15-1879-4bfb-95cf-722752ad35e9",
          "title": "Modulo 2, archivo 2,prueba1",
          "fullFile": "C:\\Users\\Juan Vargas\\Desktop\\PlantillaSelenium\\test\\modules\\module2\\testFile1.js",
          "file": "\\test\\modules\\module2\\testFile1.js",
          "beforeHooks": [
            {
              "title": "\"before all\" hook in \"Modulo 2, archivo 2,prueba1\"",
              "fullTitle": "Modulo 2, archivo 2,prueba1 \"before all\" hook in \"Modulo 2, archivo 2,prueba1\"",
              "timedOut": false,
              "duration": 3362,
              "state": null,
              "speed": null,
              "pass": false,
              "fail": false,
              "pending": false,
              "context": null,
              "code": "driver = createDriver();\nawait driver.get('https://www.google.com');",
              "err": {},
              "uuid": "1dabec9b-576a-49ee-a6e0-965441b81106",
              "parentUUID": "59307a15-1879-4bfb-95cf-722752ad35e9",
              "isHook": true,
              "skipped": false
            }
          ],
          "afterHooks": [
            {
              "title": "\"after all\" hook in \"Modulo 2, archivo 2,prueba1\"",
              "fullTitle": "Modulo 2, archivo 2,prueba1 \"after all\" hook in \"Modulo 2, archivo 2,prueba1\"",
              "timedOut": false,
              "duration": 78,
              "state": null,
              "speed": null,
              "pass": false,
              "fail": false,
              "pending": false,
              "context": null,
              "code": "await closeDriver(driver);",
              "err": {},
              "uuid": "b86862f1-91b7-4487-9ab7-150fd82fffa3",
              "parentUUID": "59307a15-1879-4bfb-95cf-722752ad35e9",
              "isHook": true,
              "skipped": false
            }
          ],
          "tests": [
            {
              "title": "Verificar título de Google",
              "fullTitle": "Modulo 2, archivo 2,prueba1 Verificar título de Google",
              "timedOut": false,
              "duration": 8,
              "state": "passed",
              "speed": "fast",
              "pass": true,
              "fail": false,
              "pending": false,
              "context": null,
              "code": "const title = await driver.getTitle();\nassert.strictEqual(title, 'Google'); // Verificar que el título es 'Google'",
              "err": {},
              "uuid": "e55eb836-ae03-4faf-9bb4-d10503652558",
              "parentUUID": "59307a15-1879-4bfb-95cf-722752ad35e9",
              "isHook": false,
              "skipped": false
            },
            {
              "title": "Insertar texto en el campo de búsqueda de Google",
              "fullTitle": "Modulo 2, archivo 2,prueba1 Insertar texto en el campo de búsqueda de Google",
              "timedOut": false,
              "duration": 1928,
              "state": "passed",
              "speed": "slow",
              "pass": true,
              "fail": false,
              "pending": false,
              "context": null,
              "code": "const input = await driver.findElement(By.name('q')); // Encuentra el elemento de entrada por su atributo name\nawait input.sendKeys('Ejemplo de búsqueda', Key.RETURN); // Inserta texto y presiona Enter\nawait driver.wait(until.titleIs('Ejemplo de búsqueda - Buscar con Google'), 5000);",
              "err": {},
              "uuid": "b4b80246-5b48-4ac3-be89-e5cc27f956d7",
              "parentUUID": "59307a15-1879-4bfb-95cf-722752ad35e9",
              "isHook": false,
              "skipped": false
            }
          ],
          "suites": [],
          "passes": [
            "e55eb836-ae03-4faf-9bb4-d10503652558",
            "b4b80246-5b48-4ac3-be89-e5cc27f956d7"
          ],
          "failures": [],
          "pending": [],
          "skipped": [],
          "duration": 1936,
          "root": false,
          "rootEmpty": false,
          "_timeout": 5000
        },
        {
          "uuid": "7c080dc5-5d37-45b6-a6fc-05d7fa57382a",
          "title": "Modulo 2, archivo 2,prueba2",
          "fullFile": "C:\\Users\\Juan Vargas\\Desktop\\PlantillaSelenium\\test\\modules\\module2\\testFile1.js",
          "file": "\\test\\modules\\module2\\testFile1.js",
          "beforeHooks": [
            {
              "title": "\"before all\" hook in \"Modulo 2, archivo 2,prueba2\"",
              "fullTitle": "Modulo 2, archivo 2,prueba2 \"before all\" hook in \"Modulo 2, archivo 2,prueba2\"",
              "timedOut": false,
              "duration": 3358,
              "state": null,
              "speed": null,
              "pass": false,
              "fail": false,
              "pending": false,
              "context": null,
              "code": "driver = createDriver();\nawait driver.get('https://www.google.com');",
              "err": {},
              "uuid": "0ecf2b6c-946e-4ec4-954e-607b63dbd65a",
              "parentUUID": "7c080dc5-5d37-45b6-a6fc-05d7fa57382a",
              "isHook": true,
              "skipped": false
            }
          ],
          "afterHooks": [
            {
              "title": "\"after all\" hook in \"Modulo 2, archivo 2,prueba2\"",
              "fullTitle": "Modulo 2, archivo 2,prueba2 \"after all\" hook in \"Modulo 2, archivo 2,prueba2\"",
              "timedOut": false,
              "duration": 48,
              "state": null,
              "speed": null,
              "pass": false,
              "fail": false,
              "pending": false,
              "context": null,
              "code": "await closeDriver(driver);",
              "err": {},
              "uuid": "f11eeecd-1cd1-4b6d-b42a-02e0fa3398aa",
              "parentUUID": "7c080dc5-5d37-45b6-a6fc-05d7fa57382a",
              "isHook": true,
              "skipped": false
            }
          ],
          "tests": [
            {
              "title": "Verificar título de Google",
              "fullTitle": "Modulo 2, archivo 2,prueba2 Verificar título de Google",
              "timedOut": false,
              "duration": 7,
              "state": "passed",
              "speed": "fast",
              "pass": true,
              "fail": false,
              "pending": false,
              "context": null,
              "code": "const title = await driver.getTitle();\nassert.strictEqual(title, 'Google'); // Verificar que el título es 'Google'",
              "err": {},
              "uuid": "68180cb8-0e7b-4a6d-b61a-f29b9b6a9373",
              "parentUUID": "7c080dc5-5d37-45b6-a6fc-05d7fa57382a",
              "isHook": false,
              "skipped": false
            },
            {
              "title": "Insertar texto en el campo de búsqueda de Google",
              "fullTitle": "Modulo 2, archivo 2,prueba2 Insertar texto en el campo de búsqueda de Google",
              "timedOut": false,
              "duration": 2084,
              "state": "passed",
              "speed": "slow",
              "pass": true,
              "fail": false,
              "pending": false,
              "context": null,
              "code": "const input = await driver.findElement(By.name('q')); // Encuentra el elemento de entrada por su atributo name\nawait input.sendKeys('Ejemplo de búsqueda', Key.RETURN); // Inserta texto y presiona Enter\nawait driver.wait(until.titleIs('Ejemplo de búsqueda - Buscar con Google'), 5000);",
              "err": {},
              "uuid": "9feaabc4-f35e-4e47-bc4d-75fd36817dd0",
              "parentUUID": "7c080dc5-5d37-45b6-a6fc-05d7fa57382a",
              "isHook": false,
              "skipped": false
            }
          ],
          "suites": [],
          "passes": [
            "68180cb8-0e7b-4a6d-b61a-f29b9b6a9373",
            "9feaabc4-f35e-4e47-bc4d-75fd36817dd0"
          ],
          "failures": [],
          "pending": [],
          "skipped": [],
          "duration": 2091,
          "root": false,
          "rootEmpty": false,
          "_timeout": 5000
        }
      ],
      "passes": [],
      "failures": [],
      "pending": [],
      "skipped": [],
      "duration": 0,
      "root": true,
      "rootEmpty": true,
      "_timeout": 0
    }
  ],
  "meta": {
    "mocha": {
      "version": "10.2.0"
    },
    "mochawesome": {
      "options": {
        "quiet": false,
        "reportFilename": "mochawesome",
        "saveHtml": true,
        "saveJson": true,
        "consoleReporter": "spec",
        "useInlineDiffs": false,
        "code": true
      },
      "version": "7.1.3"
    },
    "marge": {
      "options": null,
      "version": "6.2.0"
    }
  }
}