{
  "stats": {
    "suites": 6,
    "tests": 12,
    "passes": 12,
    "pending": 0,
    "failures": 0,
    "start": "2023-08-30T22:51:25.730Z",
    "end": "2023-08-30T22:52:00.143Z",
    "duration": 34413,
    "testsRegistered": 12,
    "passPercent": 100,
    "pendingPercent": 0,
    "other": 0,
    "hasOther": false,
    "skipped": 0,
    "hasSkipped": false
  },
  "results": [
    {
      "uuid": "d912af38-1bab-4a23-bc0a-c0f4c1870e07",
      "title": "",
      "fullFile": "",
      "file": "",
      "beforeHooks": [],
      "afterHooks": [],
      "tests": [],
      "suites": [
        {
          "uuid": "3fcdefc1-ed72-4c62-aa07-504d2387e437",
          "title": "Modulo 1, archivo 1,prueba1",
          "fullFile": "C:\\Users\\Juan Vargas\\Desktop\\PlantillaSelenium\\test\\modules\\module1\\testFile1.js",
          "file": "\\test\\modules\\module1\\testFile1.js",
          "beforeHooks": [
            {
              "title": "\"before all\" hook in \"Modulo 1, archivo 1,prueba1\"",
              "fullTitle": "Modulo 1, archivo 1,prueba1 \"before all\" hook in \"Modulo 1, archivo 1,prueba1\"",
              "timedOut": false,
              "duration": 3508,
              "state": null,
              "speed": null,
              "pass": false,
              "fail": false,
              "pending": false,
              "context": null,
              "code": "driver = createDriver();\nawait driver.get(baseUrl);",
              "err": {},
              "uuid": "663e0fd4-73f2-4b8b-8e59-0e008001f300",
              "parentUUID": "3fcdefc1-ed72-4c62-aa07-504d2387e437",
              "isHook": true,
              "skipped": false
            }
          ],
          "afterHooks": [
            {
              "title": "\"after all\" hook in \"Modulo 1, archivo 1,prueba1\"",
              "fullTitle": "Modulo 1, archivo 1,prueba1 \"after all\" hook in \"Modulo 1, archivo 1,prueba1\"",
              "timedOut": false,
              "duration": 64,
              "state": null,
              "speed": null,
              "pass": false,
              "fail": false,
              "pending": false,
              "context": null,
              "code": "await closeDriver(driver);",
              "err": {},
              "uuid": "ea461e6a-b507-465c-83d4-471b5ccc3fd4",
              "parentUUID": "3fcdefc1-ed72-4c62-aa07-504d2387e437",
              "isHook": true,
              "skipped": false
            }
          ],
          "tests": [
            {
              "title": "Verificar título de Google",
              "fullTitle": "Modulo 1, archivo 1,prueba1 Verificar título de Google",
              "timedOut": false,
              "duration": 5,
              "state": "passed",
              "speed": "fast",
              "pass": true,
              "fail": false,
              "pending": false,
              "context": null,
              "code": "const title = await driver.getTitle();\nassert.strictEqual(title, 'Google');",
              "err": {},
              "uuid": "f6da793d-5211-43ac-b318-1f5f1dc47ac4",
              "parentUUID": "3fcdefc1-ed72-4c62-aa07-504d2387e437",
              "isHook": false,
              "skipped": false
            },
            {
              "title": "Insertar texto en el campo de búsqueda de Google",
              "fullTitle": "Modulo 1, archivo 1,prueba1 Insertar texto en el campo de búsqueda de Google",
              "timedOut": false,
              "duration": 2011,
              "state": "passed",
              "speed": "slow",
              "pass": true,
              "fail": false,
              "pending": false,
              "context": null,
              "code": "const input = await driver.findElement(By.name('q'));\nawait input.sendKeys('Ejemplo de búsqueda', Key.RETURN); \nawait driver.wait(until.titleIs('Ejemplo de búsqueda - Buscar con Google'), 5000);",
              "err": {},
              "uuid": "aee19a88-23a5-4e83-b400-3dce6a940b43",
              "parentUUID": "3fcdefc1-ed72-4c62-aa07-504d2387e437",
              "isHook": false,
              "skipped": false
            }
          ],
          "suites": [],
          "passes": [
            "f6da793d-5211-43ac-b318-1f5f1dc47ac4",
            "aee19a88-23a5-4e83-b400-3dce6a940b43"
          ],
          "failures": [],
          "pending": [],
          "skipped": [],
          "duration": 2016,
          "root": false,
          "rootEmpty": false,
          "_timeout": 5000
        },
        {
          "uuid": "27958718-a795-479f-981c-56aad99b0304",
          "title": "Modulo 1, archivo 1,prueba2",
          "fullFile": "C:\\Users\\Juan Vargas\\Desktop\\PlantillaSelenium\\test\\modules\\module1\\testFile1.js",
          "file": "\\test\\modules\\module1\\testFile1.js",
          "beforeHooks": [
            {
              "title": "\"before all\" hook in \"Modulo 1, archivo 1,prueba2\"",
              "fullTitle": "Modulo 1, archivo 1,prueba2 \"before all\" hook in \"Modulo 1, archivo 1,prueba2\"",
              "timedOut": false,
              "duration": 3614,
              "state": null,
              "speed": null,
              "pass": false,
              "fail": false,
              "pending": false,
              "context": null,
              "code": "driver = createDriver();\nawait driver.get(baseUrl);",
              "err": {},
              "uuid": "d1a3a16c-6190-4a31-9227-de25aa10073d",
              "parentUUID": "27958718-a795-479f-981c-56aad99b0304",
              "isHook": true,
              "skipped": false
            }
          ],
          "afterHooks": [
            {
              "title": "\"after all\" hook in \"Modulo 1, archivo 1,prueba2\"",
              "fullTitle": "Modulo 1, archivo 1,prueba2 \"after all\" hook in \"Modulo 1, archivo 1,prueba2\"",
              "timedOut": false,
              "duration": 65,
              "state": null,
              "speed": null,
              "pass": false,
              "fail": false,
              "pending": false,
              "context": null,
              "code": "await closeDriver(driver);",
              "err": {},
              "uuid": "c0c0e40d-6dbc-4723-982b-26a8d4902c5a",
              "parentUUID": "27958718-a795-479f-981c-56aad99b0304",
              "isHook": true,
              "skipped": false
            }
          ],
          "tests": [
            {
              "title": "Verificar título de Google",
              "fullTitle": "Modulo 1, archivo 1,prueba2 Verificar título de Google",
              "timedOut": false,
              "duration": 7,
              "state": "passed",
              "speed": "fast",
              "pass": true,
              "fail": false,
              "pending": false,
              "context": null,
              "code": "const title = await driver.getTitle();\nassert.strictEqual(title, 'Google');",
              "err": {},
              "uuid": "58de6154-a181-4e8a-963c-135f84c705ac",
              "parentUUID": "27958718-a795-479f-981c-56aad99b0304",
              "isHook": false,
              "skipped": false
            },
            {
              "title": "Insertar texto en el campo de búsqueda de Google",
              "fullTitle": "Modulo 1, archivo 1,prueba2 Insertar texto en el campo de búsqueda de Google",
              "timedOut": false,
              "duration": 2719,
              "state": "passed",
              "speed": "slow",
              "pass": true,
              "fail": false,
              "pending": false,
              "context": null,
              "code": "const input = await driver.findElement(By.name('q')); \nawait input.sendKeys('Ejemplo de búsqueda', Key.RETURN); \nawait driver.wait(until.titleIs('Ejemplo de búsqueda - Buscar con Google'), 5000);",
              "err": {},
              "uuid": "b9a39f92-0d99-4994-807a-4e952945ed17",
              "parentUUID": "27958718-a795-479f-981c-56aad99b0304",
              "isHook": false,
              "skipped": false
            }
          ],
          "suites": [],
          "passes": [
            "58de6154-a181-4e8a-963c-135f84c705ac",
            "b9a39f92-0d99-4994-807a-4e952945ed17"
          ],
          "failures": [],
          "pending": [],
          "skipped": [],
          "duration": 2726,
          "root": false,
          "rootEmpty": false,
          "_timeout": 5000
        },
        {
          "uuid": "05b7906b-9def-4aa4-91c1-f201a24615a1",
          "title": "Modulo 1, archivo 2,prueba1",
          "fullFile": "C:\\Users\\Juan Vargas\\Desktop\\PlantillaSelenium\\test\\modules\\module1\\testFile2.js",
          "file": "\\test\\modules\\module1\\testFile2.js",
          "beforeHooks": [
            {
              "title": "\"before all\" hook in \"Modulo 1, archivo 2,prueba1\"",
              "fullTitle": "Modulo 1, archivo 2,prueba1 \"before all\" hook in \"Modulo 1, archivo 2,prueba1\"",
              "timedOut": false,
              "duration": 3543,
              "state": null,
              "speed": null,
              "pass": false,
              "fail": false,
              "pending": false,
              "context": null,
              "code": "driver = createDriver();\nawait driver.get(baseUrl);",
              "err": {},
              "uuid": "98180788-da5d-4e39-aad1-443e061893a3",
              "parentUUID": "05b7906b-9def-4aa4-91c1-f201a24615a1",
              "isHook": true,
              "skipped": false
            }
          ],
          "afterHooks": [
            {
              "title": "\"after all\" hook in \"Modulo 1, archivo 2,prueba1\"",
              "fullTitle": "Modulo 1, archivo 2,prueba1 \"after all\" hook in \"Modulo 1, archivo 2,prueba1\"",
              "timedOut": false,
              "duration": 105,
              "state": null,
              "speed": null,
              "pass": false,
              "fail": false,
              "pending": false,
              "context": null,
              "code": "await closeDriver(driver);",
              "err": {},
              "uuid": "f0db026f-9b3d-443a-8e8a-2b10c97415bc",
              "parentUUID": "05b7906b-9def-4aa4-91c1-f201a24615a1",
              "isHook": true,
              "skipped": false
            }
          ],
          "tests": [
            {
              "title": "Verificar título de Google",
              "fullTitle": "Modulo 1, archivo 2,prueba1 Verificar título de Google",
              "timedOut": false,
              "duration": 8,
              "state": "passed",
              "speed": "fast",
              "pass": true,
              "fail": false,
              "pending": false,
              "context": null,
              "code": "const title = await driver.getTitle();\nassert.strictEqual(title, 'Google');",
              "err": {},
              "uuid": "80673571-84c5-4269-abab-fc1a069b7bbc",
              "parentUUID": "05b7906b-9def-4aa4-91c1-f201a24615a1",
              "isHook": false,
              "skipped": false
            },
            {
              "title": "Insertar texto en el campo de búsqueda de Google",
              "fullTitle": "Modulo 1, archivo 2,prueba1 Insertar texto en el campo de búsqueda de Google",
              "timedOut": false,
              "duration": 2037,
              "state": "passed",
              "speed": "slow",
              "pass": true,
              "fail": false,
              "pending": false,
              "context": null,
              "code": "const input = await driver.findElement(By.name('q'));\nawait input.sendKeys('Ejemplo de búsqueda', Key.RETURN); \nawait driver.wait(until.titleIs('Ejemplo de búsqueda - Buscar con Google'), 5000);",
              "err": {},
              "uuid": "f2520dac-3b70-4403-8255-599ca802d0e7",
              "parentUUID": "05b7906b-9def-4aa4-91c1-f201a24615a1",
              "isHook": false,
              "skipped": false
            }
          ],
          "suites": [],
          "passes": [
            "80673571-84c5-4269-abab-fc1a069b7bbc",
            "f2520dac-3b70-4403-8255-599ca802d0e7"
          ],
          "failures": [],
          "pending": [],
          "skipped": [],
          "duration": 2045,
          "root": false,
          "rootEmpty": false,
          "_timeout": 5000
        },
        {
          "uuid": "9b5d3f0a-0436-4a72-b812-38e71d66135b",
          "title": "Modulo 1, archivo 2,prueba2",
          "fullFile": "C:\\Users\\Juan Vargas\\Desktop\\PlantillaSelenium\\test\\modules\\module1\\testFile2.js",
          "file": "\\test\\modules\\module1\\testFile2.js",
          "beforeHooks": [
            {
              "title": "\"before all\" hook in \"Modulo 1, archivo 2,prueba2\"",
              "fullTitle": "Modulo 1, archivo 2,prueba2 \"before all\" hook in \"Modulo 1, archivo 2,prueba2\"",
              "timedOut": false,
              "duration": 3529,
              "state": null,
              "speed": null,
              "pass": false,
              "fail": false,
              "pending": false,
              "context": null,
              "code": "driver = createDriver();\nawait driver.get(baseUrl);",
              "err": {},
              "uuid": "85d4da11-eebc-471b-80c3-e36ca0c7e358",
              "parentUUID": "9b5d3f0a-0436-4a72-b812-38e71d66135b",
              "isHook": true,
              "skipped": false
            }
          ],
          "afterHooks": [
            {
              "title": "\"after all\" hook in \"Modulo 1, archivo 2,prueba2\"",
              "fullTitle": "Modulo 1, archivo 2,prueba2 \"after all\" hook in \"Modulo 1, archivo 2,prueba2\"",
              "timedOut": false,
              "duration": 43,
              "state": null,
              "speed": null,
              "pass": false,
              "fail": false,
              "pending": false,
              "context": null,
              "code": "await closeDriver(driver);",
              "err": {},
              "uuid": "c523c2ef-d636-4e61-9be4-dd02242ffcd6",
              "parentUUID": "9b5d3f0a-0436-4a72-b812-38e71d66135b",
              "isHook": true,
              "skipped": false
            }
          ],
          "tests": [
            {
              "title": "Verificar título de Google",
              "fullTitle": "Modulo 1, archivo 2,prueba2 Verificar título de Google",
              "timedOut": false,
              "duration": 7,
              "state": "passed",
              "speed": "fast",
              "pass": true,
              "fail": false,
              "pending": false,
              "context": null,
              "code": "const title = await driver.getTitle();\nassert.strictEqual(title, 'Google');",
              "err": {},
              "uuid": "ccd0dd8c-b157-4916-8e95-1bbbf4317303",
              "parentUUID": "9b5d3f0a-0436-4a72-b812-38e71d66135b",
              "isHook": false,
              "skipped": false
            },
            {
              "title": "Insertar texto en el campo de búsqueda de Google",
              "fullTitle": "Modulo 1, archivo 2,prueba2 Insertar texto en el campo de búsqueda de Google",
              "timedOut": false,
              "duration": 2049,
              "state": "passed",
              "speed": "slow",
              "pass": true,
              "fail": false,
              "pending": false,
              "context": null,
              "code": "const input = await driver.findElement(By.name('q')); \nawait input.sendKeys('Ejemplo de búsqueda', Key.RETURN); \nawait driver.wait(until.titleIs('Ejemplo de búsqueda - Buscar con Google'), 5000);",
              "err": {},
              "uuid": "85789fe7-b216-4a1a-9449-3b92e2bf9abb",
              "parentUUID": "9b5d3f0a-0436-4a72-b812-38e71d66135b",
              "isHook": false,
              "skipped": false
            }
          ],
          "suites": [],
          "passes": [
            "ccd0dd8c-b157-4916-8e95-1bbbf4317303",
            "85789fe7-b216-4a1a-9449-3b92e2bf9abb"
          ],
          "failures": [],
          "pending": [],
          "skipped": [],
          "duration": 2056,
          "root": false,
          "rootEmpty": false,
          "_timeout": 5000
        },
        {
          "uuid": "eb829505-0b7a-4256-a7af-b903d0633c09",
          "title": "Modulo 2, archivo 1,prueba1",
          "fullFile": "C:\\Users\\Juan Vargas\\Desktop\\PlantillaSelenium\\test\\modules\\module2\\testFile1.js",
          "file": "\\test\\modules\\module2\\testFile1.js",
          "beforeHooks": [
            {
              "title": "\"before all\" hook in \"Modulo 2, archivo 1,prueba1\"",
              "fullTitle": "Modulo 2, archivo 1,prueba1 \"before all\" hook in \"Modulo 2, archivo 1,prueba1\"",
              "timedOut": false,
              "duration": 3468,
              "state": null,
              "speed": null,
              "pass": false,
              "fail": false,
              "pending": false,
              "context": null,
              "code": "driver = createDriver();\nawait driver.get(baseUrl);",
              "err": {},
              "uuid": "d0412d01-895c-48a3-a74c-b39ce8c580ab",
              "parentUUID": "eb829505-0b7a-4256-a7af-b903d0633c09",
              "isHook": true,
              "skipped": false
            }
          ],
          "afterHooks": [
            {
              "title": "\"after all\" hook in \"Modulo 2, archivo 1,prueba1\"",
              "fullTitle": "Modulo 2, archivo 1,prueba1 \"after all\" hook in \"Modulo 2, archivo 1,prueba1\"",
              "timedOut": false,
              "duration": 47,
              "state": null,
              "speed": null,
              "pass": false,
              "fail": false,
              "pending": false,
              "context": null,
              "code": "await closeDriver(driver);",
              "err": {},
              "uuid": "dd6ccf8f-0364-4783-87f4-cdaad3d0dc63",
              "parentUUID": "eb829505-0b7a-4256-a7af-b903d0633c09",
              "isHook": true,
              "skipped": false
            }
          ],
          "tests": [
            {
              "title": "Verificar título de Google",
              "fullTitle": "Modulo 2, archivo 1,prueba1 Verificar título de Google",
              "timedOut": false,
              "duration": 7,
              "state": "passed",
              "speed": "fast",
              "pass": true,
              "fail": false,
              "pending": false,
              "context": null,
              "code": "const title = await driver.getTitle();\nassert.strictEqual(title, 'Google');",
              "err": {},
              "uuid": "02e236f9-b12b-414a-b547-4331cee52d9e",
              "parentUUID": "eb829505-0b7a-4256-a7af-b903d0633c09",
              "isHook": false,
              "skipped": false
            },
            {
              "title": "Insertar texto en el campo de búsqueda de Google",
              "fullTitle": "Modulo 2, archivo 1,prueba1 Insertar texto en el campo de búsqueda de Google",
              "timedOut": false,
              "duration": 2030,
              "state": "passed",
              "speed": "slow",
              "pass": true,
              "fail": false,
              "pending": false,
              "context": null,
              "code": "const input = await driver.findElement(By.name('q'));\nawait input.sendKeys('Ejemplo de búsqueda', Key.RETURN); \nawait driver.wait(until.titleIs('Ejemplo de búsqueda - Buscar con Google'), 5000);",
              "err": {},
              "uuid": "7b608479-b1b8-4d4f-bc8b-ea42f9db3fde",
              "parentUUID": "eb829505-0b7a-4256-a7af-b903d0633c09",
              "isHook": false,
              "skipped": false
            }
          ],
          "suites": [],
          "passes": [
            "02e236f9-b12b-414a-b547-4331cee52d9e",
            "7b608479-b1b8-4d4f-bc8b-ea42f9db3fde"
          ],
          "failures": [],
          "pending": [],
          "skipped": [],
          "duration": 2037,
          "root": false,
          "rootEmpty": false,
          "_timeout": 5000
        },
        {
          "uuid": "5f7af99c-8f95-4f15-a9c6-76d549354db9",
          "title": "Modulo 2, archivo 1,prueba2",
          "fullFile": "C:\\Users\\Juan Vargas\\Desktop\\PlantillaSelenium\\test\\modules\\module2\\testFile1.js",
          "file": "\\test\\modules\\module2\\testFile1.js",
          "beforeHooks": [
            {
              "title": "\"before all\" hook in \"Modulo 2, archivo 1,prueba2\"",
              "fullTitle": "Modulo 2, archivo 1,prueba2 \"before all\" hook in \"Modulo 2, archivo 1,prueba2\"",
              "timedOut": false,
              "duration": 3439,
              "state": null,
              "speed": null,
              "pass": false,
              "fail": false,
              "pending": false,
              "context": null,
              "code": "driver = createDriver();\nawait driver.get(baseUrl);",
              "err": {},
              "uuid": "ccbbe123-bdb6-4ece-a491-2ad3fe2f0e16",
              "parentUUID": "5f7af99c-8f95-4f15-a9c6-76d549354db9",
              "isHook": true,
              "skipped": false
            }
          ],
          "afterHooks": [
            {
              "title": "\"after all\" hook in \"Modulo 2, archivo 1,prueba2\"",
              "fullTitle": "Modulo 2, archivo 1,prueba2 \"after all\" hook in \"Modulo 2, archivo 1,prueba2\"",
              "timedOut": false,
              "duration": 97,
              "state": null,
              "speed": null,
              "pass": false,
              "fail": false,
              "pending": false,
              "context": null,
              "code": "await closeDriver(driver);",
              "err": {},
              "uuid": "682d45a1-69a1-4a02-a241-1c028f18a555",
              "parentUUID": "5f7af99c-8f95-4f15-a9c6-76d549354db9",
              "isHook": true,
              "skipped": false
            }
          ],
          "tests": [
            {
              "title": "Verificar título de Google",
              "fullTitle": "Modulo 2, archivo 1,prueba2 Verificar título de Google",
              "timedOut": false,
              "duration": 6,
              "state": "passed",
              "speed": "fast",
              "pass": true,
              "fail": false,
              "pending": false,
              "context": null,
              "code": "const title = await driver.getTitle();\nassert.strictEqual(title, 'Google');",
              "err": {},
              "uuid": "9359ecec-6e86-4aab-a790-60f4fbaf2994",
              "parentUUID": "5f7af99c-8f95-4f15-a9c6-76d549354db9",
              "isHook": false,
              "skipped": false
            },
            {
              "title": "Insertar texto en el campo de búsqueda de Google",
              "fullTitle": "Modulo 2, archivo 1,prueba2 Insertar texto en el campo de búsqueda de Google",
              "timedOut": false,
              "duration": 1978,
              "state": "passed",
              "speed": "slow",
              "pass": true,
              "fail": false,
              "pending": false,
              "context": null,
              "code": "const input = await driver.findElement(By.name('q')); \nawait input.sendKeys('Ejemplo de búsqueda', Key.RETURN); \nawait driver.wait(until.titleIs('Ejemplo de búsqueda - Buscar con Google'), 5000);",
              "err": {},
              "uuid": "70c5b2ff-7a2c-4086-83cc-7788cefe0c57",
              "parentUUID": "5f7af99c-8f95-4f15-a9c6-76d549354db9",
              "isHook": false,
              "skipped": false
            }
          ],
          "suites": [],
          "passes": [
            "9359ecec-6e86-4aab-a790-60f4fbaf2994",
            "70c5b2ff-7a2c-4086-83cc-7788cefe0c57"
          ],
          "failures": [],
          "pending": [],
          "skipped": [],
          "duration": 1984,
          "root": false,
          "rootEmpty": false,
          "_timeout": 5000
        }
      ],
      "passes": [],
      "failures": [],
      "pending": [],
      "skipped": [],
      "duration": 0,
      "root": true,
      "rootEmpty": true,
      "_timeout": 0
    }
  ],
  "meta": {
    "mocha": {
      "version": "10.2.0"
    },
    "mochawesome": {
      "options": {
        "quiet": false,
        "reportFilename": "mochawesome",
        "saveHtml": true,
        "saveJson": true,
        "consoleReporter": "spec",
        "useInlineDiffs": false,
        "code": true
      },
      "version": "7.1.3"
    },
    "marge": {
      "options": null,
      "version": "6.2.0"
    }
  }
}